<?xml version="1.0" encoding="UTF-8"?>
<testng-results ignored="0" total="1" passed="1" failed="0" skipped="0">
  <reporter-output>
  </reporter-output>
  <suite started-at="2024-07-03T19:00:52 IST" name="Surefire suite" finished-at="2024-07-03T19:00:52 IST" duration-ms="45">
    <groups>
    </groups>
    <test started-at="2024-07-03T19:00:52 IST" name="Surefire test" finished-at="2024-07-03T19:00:52 IST" duration-ms="45">
      <class name="AbdulTestProject.TestProject1.AppTest">
        <test-method signature="shouldAnswerWithTrue()[pri:0, instance:AbdulTestProject.TestProject1.AppTest@28d18df5]" started-at="2024-07-03T19:00:52 IST" name="shouldAnswerWithTrue" finished-at="2024-07-03T19:00:52 IST" duration-ms="5" status="PASS">
          <reporter-output>
          </reporter-output>
        </test-method> <!-- shouldAnswerWithTrue -->
      </class> <!-- AbdulTestProject.TestProject1.AppTest -->
    </test> <!-- Surefire test -->
  </suite> <!-- Surefire suite -->
</testng-results>
