<?xml version="1.0" encoding="UTF-8"?>
<testng-results ignored="0" total="1" passed="1" failed="0" skipped="0">
  <reporter-output>
  </reporter-output>
  <suite started-at="2024-07-03T18:56:16 IST" name="Default suite" finished-at="2024-07-03T18:56:16 IST" duration-ms="80">
    <groups>
    </groups>
    <test started-at="2024-07-03T18:56:16 IST" name="Default test" finished-at="2024-07-03T18:56:16 IST" duration-ms="80">
      <class name="AbdulTestProject.TestProject1.AppTest">
        <test-method signature="shouldAnswerWithTrue()[pri:0, instance:AbdulTestProject.TestProject1.AppTest@1af146]" started-at="2024-07-03T18:56:16 IST" name="shouldAnswerWithTrue" finished-at="2024-07-03T18:56:16 IST" duration-ms="9" status="PASS">
          <reporter-output>
          </reporter-output>
        </test-method> <!-- shouldAnswerWithTrue -->
      </class> <!-- AbdulTestProject.TestProject1.AppTest -->
    </test> <!-- Default test -->
  </suite> <!-- Default suite -->
</testng-results>
